<!DOCTYPE html PUBLIC "-//W3C//DTD XHTML 1.1//EN" "https://www.w3.org/TR/xhtml11/DTD/xhtml11.dtd">
<html xmlns="https://www.w3.org/1999/xhtml">
<head>
<meta http-equiv="content-type" content="text/html; charset=UTF-8"/>
<title>TestNG Report</title>
<style type="text/css">table {margin-bottom:10px;border-collapse:collapse;empty-cells:show}th,td {border:1px solid #009;padding:.25em .5em}th {vertical-align:bottom}td {vertical-align:top}table a {font-weight:bold}.stripe td {background-color: #E6EBF9}.num {text-align:right}.passedodd td {background-color: #3F3}.passedeven td {background-color: #0A0}.skippedodd td {background-color: #DDD}.skippedeven td {background-color: #CCC}.failedodd td,.attn {background-color: #F33}.failedeven td,.stripe .attn {background-color: #D00}.stacktrace {white-space:pre;font-family:monospace}.totop {font-size:85%;text-align:center;border-bottom:2px solid #000}.invisible {display:none}</style>
</head>
<body>
<table>
<tr><th>Test</th><th># Passed</th><th># Skipped</th><th># Retried</th><th># Failed</th><th>Time (ms)</th><th>Included Groups</th><th>Excluded Groups</th></tr>
<tr><th colspan="8">Suite</th></tr>
<tr><td><a href="#t0">SearchTest</a></td><td class="num">1</td><td class="num">0</td><td class="num">0</td><td class="num">0</td><td class="num">24,382</td><td></td><td></td></tr>
<tr class="stripe"><td><a href="#t1">Flightresult</a></td><td class="num">1</td><td class="num">0</td><td class="num">0</td><td class="num">0</td><td class="num">6,945</td><td></td><td></td></tr>
<tr><td><a href="#t2">Passenger</a></td><td class="num">1</td><td class="num">0</td><td class="num">0</td><td class="num">0</td><td class="num">12,064</td><td></td><td></td></tr>
<tr class="stripe"><td><a href="#t3">Addon</a></td><td class="num">1</td><td class="num">0</td><td class="num">0</td><td class="num">0</td><td class="num">3,002</td><td></td><td></td></tr>
<tr><td><a href="#t4">Payment</a></td><td class="num">1</td><td class="num">0</td><td class="num">0</td><td class="num">0</td><td class="num">14,308</td><td></td><td></td></tr>
<tr class="stripe"><td><a href="#t5">Thanks</a></td><td class="num">0</td><td class="num">0</td><td class="num">0</td><td class="num attn">1</td><td class="num">30,187</td><td></td><td></td></tr>
<tr><th>Total</th><th class="num">5</th><th class="num">0</th><th class="num">0</th><th class="num attn">1</th><th class="num">90,888</th><th colspan="2"></th></tr>
</table>
<table id='summary'><thead><tr><th>Class</th><th>Method</th><th>Start</th><th>Time (ms)</th></tr></thead><tbody><tr><th colspan="4">Suite</th></tr></tbody><tbody id="t0"><tr><th colspan="4">SearchTest &#8212; failed (configuration methods)</th></tr><tr class="failedeven"><td rowspan="1">TestCase.SearchTC</td><td><a href="#m0">teardownmethod</a></td><td rowspan="1">1695983159364</td><td rowspan="1">-1695983159364</td></tr><tr><th colspan="4">SearchTest &#8212; passed</th></tr><tr class="passedeven"><td rowspan="1">TestCase.SearchTC</td><td><a href="#m1">SearchpageTestcase</a></td><td rowspan="1">1695983135188</td><td rowspan="1">24149</td></tr></tbody>
<tbody id="t1"><tr><th colspan="4">Flightresult &#8212; failed (configuration methods)</th></tr><tr class="failedeven"><td rowspan="1">TestCase.FlightResultTC</td><td><a href="#m2">teardownmethod</a></td><td rowspan="1">1695983166461</td><td rowspan="1">-1695983166461</td></tr><tr><th colspan="4">Flightresult &#8212; passed</th></tr><tr class="passedeven"><td rowspan="1">TestCase.FlightResultTC</td><td><a href="#m3">Flightresultcase</a></td><td rowspan="1">1695983159588</td><td rowspan="1">6857</td></tr></tbody>
<tbody id="t2"><tr><th colspan="4">Passenger &#8212; failed (configuration methods)</th></tr><tr class="failedeven"><td rowspan="1">TestCase.PassengerTC</td><td><a href="#m4">teardownmethod</a></td><td rowspan="1">1695983178621</td><td rowspan="1">-1695983178621</td></tr><tr><th colspan="4">Passenger &#8212; passed</th></tr><tr class="passedeven"><td rowspan="1">TestCase.PassengerTC</td><td><a href="#m5">Passengercase</a></td><td rowspan="1">1695983166811</td><td rowspan="1">11804</td></tr></tbody>
<tbody id="t3"><tr><th colspan="4">Addon &#8212; failed (configuration methods)</th></tr><tr class="failedeven"><td rowspan="1">TestCase.AddonTC</td><td><a href="#m6">teardownmethod</a></td><td rowspan="1">1695983181653</td><td rowspan="1">-1695983181653</td></tr><tr><th colspan="4">Addon &#8212; passed</th></tr><tr class="passedeven"><td rowspan="1">TestCase.AddonTC</td><td><a href="#m7">Addoncase</a></td><td rowspan="1">1695983178667</td><td rowspan="1">2980</td></tr></tbody>
<tbody id="t4"><tr><th colspan="4">Payment &#8212; failed (configuration methods)</th></tr><tr class="failedeven"><td rowspan="1">TestCase.PaymentTC</td><td><a href="#m8">teardownmethod</a></td><td rowspan="1">1695983195977</td><td rowspan="1">-1695983195977</td></tr><tr><th colspan="4">Payment &#8212; passed</th></tr><tr class="passedeven"><td rowspan="1">TestCase.PaymentTC</td><td><a href="#m9">Paymentcase</a></td><td rowspan="1">1695983181681</td><td rowspan="1">14291</td></tr></tbody>
<tbody id="t5"><tr><th colspan="4">Thanks &#8212; failed (configuration methods)</th></tr><tr class="failedeven"><td rowspan="1">TestCase.ThanksTC</td><td><a href="#m10">teardownmethod</a></td><td rowspan="1">1695983226179</td><td rowspan="1">-1695983226179</td></tr><tr><th colspan="4">Thanks &#8212; failed</th></tr><tr class="failedeven"><td rowspan="1">TestCase.ThanksTC</td><td><a href="#m11">Thankscase</a></td><td rowspan="1">1695983196006</td><td rowspan="1">30159</td></tr><tr><th colspan="4">Thanks &#8212; skipped (configuration methods)</th></tr><tr class="skippedeven"><td rowspan="1">TestCase.ThanksTC</td><td><a href="#m12">tearDown</a></td><td rowspan="1">1695983226236</td><td rowspan="1">0</td></tr></tbody>
</table>
<h2>SearchTest</h2><h3 id="m0">TestCase.SearchTC#teardownmethod</h3><table class="result"><tr><th>Exception</th></tr><tr><td><div class="stacktrace">org.testng.TestNGException: 
Can inject only one of &lt;ITestContext, XmlTest&gt; into a @AfterTest annotated teardownmethod.
For more information on native dependency injection please refer to https://testng.org/doc/documentation-main.html#native-dependency-injection
... Removed 21 stack frames</div></td></tr></table><p class="totop"><a href="#summary">back to summary</a></p>
<h3 id="m1">TestCase.SearchTC#SearchpageTestcase</h3><table class="result"><tr><th class="invisible"/></tr></table><p class="totop"><a href="#summary">back to summary</a></p>
<h2>Flightresult</h2><h3 id="m2">TestCase.FlightResultTC#teardownmethod</h3><table class="result"><tr><th>Exception</th></tr><tr><td><div class="stacktrace">org.testng.TestNGException: 
Can inject only one of &lt;ITestContext, XmlTest&gt; into a @AfterTest annotated teardownmethod.
For more information on native dependency injection please refer to https://testng.org/doc/documentation-main.html#native-dependency-injection
... Removed 21 stack frames</div></td></tr></table><p class="totop"><a href="#summary">back to summary</a></p>
<h3 id="m3">TestCase.FlightResultTC#Flightresultcase</h3><table class="result"><tr><th class="invisible"/></tr></table><p class="totop"><a href="#summary">back to summary</a></p>
<h2>Passenger</h2><h3 id="m4">TestCase.PassengerTC#teardownmethod</h3><table class="result"><tr><th>Exception</th></tr><tr><td><div class="stacktrace">org.testng.TestNGException: 
Can inject only one of &lt;ITestContext, XmlTest&gt; into a @AfterTest annotated teardownmethod.
For more information on native dependency injection please refer to https://testng.org/doc/documentation-main.html#native-dependency-injection
... Removed 21 stack frames</div></td></tr></table><p class="totop"><a href="#summary">back to summary</a></p>
<h3 id="m5">TestCase.PassengerTC#Passengercase</h3><table class="result"><tr><th class="invisible"/></tr></table><p class="totop"><a href="#summary">back to summary</a></p>
<h2>Addon</h2><h3 id="m6">TestCase.AddonTC#teardownmethod</h3><table class="result"><tr><th>Exception</th></tr><tr><td><div class="stacktrace">org.testng.TestNGException: 
Can inject only one of &lt;ITestContext, XmlTest&gt; into a @AfterTest annotated teardownmethod.
For more information on native dependency injection please refer to https://testng.org/doc/documentation-main.html#native-dependency-injection
... Removed 21 stack frames</div></td></tr></table><p class="totop"><a href="#summary">back to summary</a></p>
<h3 id="m7">TestCase.AddonTC#Addoncase</h3><table class="result"><tr><th class="invisible"/></tr></table><p class="totop"><a href="#summary">back to summary</a></p>
<h2>Payment</h2><h3 id="m8">TestCase.PaymentTC#teardownmethod</h3><table class="result"><tr><th>Exception</th></tr><tr><td><div class="stacktrace">org.testng.TestNGException: 
Can inject only one of &lt;ITestContext, XmlTest&gt; into a @AfterTest annotated teardownmethod.
For more information on native dependency injection please refer to https://testng.org/doc/documentation-main.html#native-dependency-injection
... Removed 21 stack frames</div></td></tr></table><p class="totop"><a href="#summary">back to summary</a></p>
<h3 id="m9">TestCase.PaymentTC#Paymentcase</h3><table class="result"><tr><th class="invisible"/></tr></table><p class="totop"><a href="#summary">back to summary</a></p>
<h2>Thanks</h2><h3 id="m10">TestCase.ThanksTC#teardownmethod</h3><table class="result"><tr><th>Exception</th></tr><tr><td><div class="stacktrace">org.testng.TestNGException: 
Can inject only one of &lt;ITestContext, XmlTest&gt; into a @AfterTest annotated teardownmethod.
For more information on native dependency injection please refer to https://testng.org/doc/documentation-main.html#native-dependency-injection
... Removed 21 stack frames</div></td></tr></table><p class="totop"><a href="#summary">back to summary</a></p>
<h3 id="m11">TestCase.ThanksTC#Thankscase</h3><table class="result"><tr><th>Exception</th></tr><tr><td><div class="stacktrace">org.openqa.selenium.ElementNotInteractableException: element not interactable
  (Session info: chrome=117.0.5938.89)
Build info: version: &apos;4.12.1&apos;, revision: &apos;8e34639b11&apos;
System info: os.name: &apos;Windows 10&apos;, os.arch: &apos;amd64&apos;, os.version: &apos;10.0&apos;, java.version: &apos;17.0.2&apos;
Driver info: org.openqa.selenium.chrome.ChromeDriver
Command: [b513527a04e2c4bd55840ba4778203e0, clickElement {id=E2626D3118C9E30242F78C401DEB0B63_element_792}]
Capabilities {acceptInsecureCerts: false, browserName: chrome, browserVersion: 117.0.5938.89, chrome: {chromedriverVersion: 117.0.5938.92 (67649b10b92b..., userDataDir: C:\Users\KALAIV~1\AppData\L...}, fedcm:accounts: true, goog:chromeOptions: {debuggerAddress: localhost:58805}, networkConnectionEnabled: false, pageLoadStrategy: normal, platformName: windows, proxy: Proxy(), se:cdp: ws://localhost:58805/devtoo..., se:cdpVersion: 117.0.5938.89, setWindowRect: true, strictFileInteractability: false, timeouts: {implicit: 0, pageLoad: 300000, script: 30000}, unhandledPromptBehavior: dismiss and notify, webauthn:extension:credBlob: true, webauthn:extension:largeBlob: true, webauthn:extension:minPinLength: true, webauthn:extension:prf: true, webauthn:virtualAuthenticators: true}
Element: [[ChromeDriver: chrome on windows (b513527a04e2c4bd55840ba4778203e0)] -&gt; xpath: //button[@type=&apos;button&apos;]]
Session ID: b513527a04e2c4bd55840ba4778203e0
	at org.openqa.selenium.remote.codec.w3c.W3CHttpResponseCodec.createException(W3CHttpResponseCodec.java:200)
	at org.openqa.selenium.remote.codec.w3c.W3CHttpResponseCodec.decode(W3CHttpResponseCodec.java:133)
	at org.openqa.selenium.remote.codec.w3c.W3CHttpResponseCodec.decode(W3CHttpResponseCodec.java:52)
	at org.openqa.selenium.remote.HttpCommandExecutor.execute(HttpCommandExecutor.java:191)
	at org.openqa.selenium.remote.service.DriverCommandExecutor.invokeExecute(DriverCommandExecutor.java:196)
	at org.openqa.selenium.remote.service.DriverCommandExecutor.execute(DriverCommandExecutor.java:171)
	at org.openqa.selenium.remote.RemoteWebDriver.execute(RemoteWebDriver.java:602)
	at org.openqa.selenium.remote.RemoteWebElement.execute(RemoteWebElement.java:224)
	at org.openqa.selenium.remote.RemoteWebElement.click(RemoteWebElement.java:77)
	at org.openqa.selenium.support.pagefactory.internal.LocatingElementHandler.invoke(LocatingElementHandler.java:51)
	at jdk.proxy2/jdk.proxy2.$Proxy18.click(Unknown Source)
	at TestPage.ThanksPage.exit(ThanksPage.java:25)
	at TestCase.ThanksTC.Thankscase(ThanksTC.java:23)
	at java.base/java.util.ArrayList.forEach(ArrayList.java:1511)
... Removed 36 stack frames</div></td></tr></table><p class="totop"><a href="#summary">back to summary</a></p>
<h3 id="m12">TestCase.ThanksTC#tearDown</h3><table class="result"><tr><th class="invisible"/></tr></table><p class="totop"><a href="#summary">back to summary</a></p>
</body>
</html>
